CRITICAL - 2020-11-16 22:00:39 --> syntax error, unexpected '}', expecting ';'
#0 C:\laragon\www\belajar-ci\system\Router\Router.php(195): CodeIgniter\Router\Router->autoRoute('admin/users')
#1 C:\laragon\www\belajar-ci\system\CodeIgniter.php(793): CodeIgniter\Router\Router->handle('admin/users')
#2 C:\laragon\www\belajar-ci\system\CodeIgniter.php(364): CodeIgniter\CodeIgniter->tryToRouteIt(Object(CodeIgniter\Router\RouteCollection))
#3 C:\laragon\www\belajar-ci\system\CodeIgniter.php(312): CodeIgniter\CodeIgniter->handleRequest(NULL, Object(Config\Cache), false)
#4 C:\laragon\www\belajar-ci\public\index.php(45): CodeIgniter\CodeIgniter->run()
#5 {main}
CRITICAL - 2020-11-16 22:01:15 --> syntax error, unexpected '}', expecting ',' or ';'
#0 C:\laragon\www\belajar-ci\system\Autoloader\Autoloader.php(296): CodeIgniter\Autoloader\Autoloader->requireFile('C:\\laragon\\www\\...')
#1 C:\laragon\www\belajar-ci\system\Autoloader\Autoloader.php(258): CodeIgniter\Autoloader\Autoloader->loadInNamespace('App\\Models\\User...')
#2 [internal function]: CodeIgniter\Autoloader\Autoloader->loadClass('App\\Models\\User...')
#3 C:\laragon\www\belajar-ci\app\Controllers\admin\Users.php(8): spl_autoload_call('App\\Models\\User...')
#4 C:\laragon\www\belajar-ci\system\CodeIgniter.php(918): App\Controllers\Admin\Users->index()
#5 C:\laragon\www\belajar-ci\system\CodeIgniter.php(404): CodeIgniter\CodeIgniter->runController(Object(App\Controllers\Admin\Users))
#6 C:\laragon\www\belajar-ci\system\CodeIgniter.php(312): CodeIgniter\CodeIgniter->handleRequest(NULL, Object(Config\Cache), false)
#7 C:\laragon\www\belajar-ci\public\index.php(45): CodeIgniter\CodeIgniter->run()
#8 {main}
CRITICAL - 2020-11-16 22:01:58 --> Undefined constant 'App\Models\CodeIgniter\Database\connectionInterFace'
#0 C:\laragon\www\belajar-ci\system\Autoloader\Autoloader.php(365): require_once()
#1 C:\laragon\www\belajar-ci\system\Autoloader\Autoloader.php(296): CodeIgniter\Autoloader\Autoloader->requireFile('C:\\laragon\\www\\...')
#2 C:\laragon\www\belajar-ci\system\Autoloader\Autoloader.php(258): CodeIgniter\Autoloader\Autoloader->loadInNamespace('App\\Models\\User...')
#3 [internal function]: CodeIgniter\Autoloader\Autoloader->loadClass('App\\Models\\User...')
#4 C:\laragon\www\belajar-ci\app\Controllers\admin\Users.php(8): spl_autoload_call('App\\Models\\User...')
#5 C:\laragon\www\belajar-ci\system\CodeIgniter.php(918): App\Controllers\Admin\Users->index()
#6 C:\laragon\www\belajar-ci\system\CodeIgniter.php(404): CodeIgniter\CodeIgniter->runController(Object(App\Controllers\Admin\Users))
#7 C:\laragon\www\belajar-ci\system\CodeIgniter.php(312): CodeIgniter\CodeIgniter->handleRequest(NULL, Object(Config\Cache), false)
#8 C:\laragon\www\belajar-ci\public\index.php(45): CodeIgniter\CodeIgniter->run()
#9 {main}
CRITICAL - 2020-11-16 22:02:33 --> Undefined constant 'App\Models\CodeIgniter\Model'
#0 C:\laragon\www\belajar-ci\system\Autoloader\Autoloader.php(365): require_once()
#1 C:\laragon\www\belajar-ci\system\Autoloader\Autoloader.php(296): CodeIgniter\Autoloader\Autoloader->requireFile('C:\\laragon\\www\\...')
#2 C:\laragon\www\belajar-ci\system\Autoloader\Autoloader.php(258): CodeIgniter\Autoloader\Autoloader->loadInNamespace('App\\Models\\User...')
#3 [internal function]: CodeIgniter\Autoloader\Autoloader->loadClass('App\\Models\\User...')
#4 C:\laragon\www\belajar-ci\app\Controllers\admin\Users.php(8): spl_autoload_call('App\\Models\\User...')
#5 C:\laragon\www\belajar-ci\system\CodeIgniter.php(918): App\Controllers\Admin\Users->index()
#6 C:\laragon\www\belajar-ci\system\CodeIgniter.php(404): CodeIgniter\CodeIgniter->runController(Object(App\Controllers\Admin\Users))
#7 C:\laragon\www\belajar-ci\system\CodeIgniter.php(312): CodeIgniter\CodeIgniter->handleRequest(NULL, Object(Config\Cache), false)
#8 C:\laragon\www\belajar-ci\public\index.php(45): CodeIgniter\CodeIgniter->run()
#9 {main}
CRITICAL - 2020-11-16 22:02:56 --> You must set the database table to be used with your query.
#0 C:\laragon\www\belajar-ci\system\Model.php(1237): CodeIgniter\Database\BaseConnection->table(NULL)
#1 C:\laragon\www\belajar-ci\system\Model.php(1816): CodeIgniter\Model->builder()
#2 C:\laragon\www\belajar-ci\app\Controllers\admin\Users.php(11): CodeIgniter\Model->__call('orderBy', Array)
#3 C:\laragon\www\belajar-ci\system\CodeIgniter.php(918): App\Controllers\Admin\Users->index()
#4 C:\laragon\www\belajar-ci\system\CodeIgniter.php(404): CodeIgniter\CodeIgniter->runController(Object(App\Controllers\Admin\Users))
#5 C:\laragon\www\belajar-ci\system\CodeIgniter.php(312): CodeIgniter\CodeIgniter->handleRequest(NULL, Object(Config\Cache), false)
#6 C:\laragon\www\belajar-ci\public\index.php(45): CodeIgniter\CodeIgniter->run()
#7 {main}
CRITICAL - 2020-11-16 22:03:43 --> Call to undefined method App\Models\UserModel::fundAll
#0 C:\laragon\www\belajar-ci\app\Controllers\admin\Users.php(11): CodeIgniter\Model->__call('fundAll', Array)
#1 C:\laragon\www\belajar-ci\system\CodeIgniter.php(918): App\Controllers\Admin\Users->index()
#2 C:\laragon\www\belajar-ci\system\CodeIgniter.php(404): CodeIgniter\CodeIgniter->runController(Object(App\Controllers\Admin\Users))
#3 C:\laragon\www\belajar-ci\system\CodeIgniter.php(312): CodeIgniter\CodeIgniter->handleRequest(NULL, Object(Config\Cache), false)
#4 C:\laragon\www\belajar-ci\public\index.php(45): CodeIgniter\CodeIgniter->run()
#5 {main}
CRITICAL - 2020-11-16 22:04:40 --> Unable to connect to the database.
#0 C:\laragon\www\belajar-ci\system\Database\BaseConnection.php(646): CodeIgniter\Database\BaseConnection->initialize()
#1 C:\laragon\www\belajar-ci\system\Database\BaseBuilder.php(1860): CodeIgniter\Database\BaseConnection->query('SELECT *\nFROM `...', Array, false)
#2 C:\laragon\www\belajar-ci\system\Model.php(462): CodeIgniter\Database\BaseBuilder->get()
#3 C:\laragon\www\belajar-ci\app\Controllers\admin\Users.php(11): CodeIgniter\Model->findAll()
#4 C:\laragon\www\belajar-ci\system\CodeIgniter.php(918): App\Controllers\Admin\Users->index()
#5 C:\laragon\www\belajar-ci\system\CodeIgniter.php(404): CodeIgniter\CodeIgniter->runController(Object(App\Controllers\Admin\Users))
#6 C:\laragon\www\belajar-ci\system\CodeIgniter.php(312): CodeIgniter\CodeIgniter->handleRequest(NULL, Object(Config\Cache), false)
#7 C:\laragon\www\belajar-ci\public\index.php(45): CodeIgniter\CodeIgniter->run()
#8 {main}
CRITICAL - 2020-11-16 22:04:40 --> Unable to connect to the database.
#0 C:\laragon\www\belajar-ci\system\Database\BaseConnection.php(646): CodeIgniter\Database\BaseConnection->initialize()
#1 C:\laragon\www\belajar-ci\system\Database\BaseBuilder.php(1860): CodeIgniter\Database\BaseConnection->query('SELECT *\nFROM `...', Array, false)
#2 C:\laragon\www\belajar-ci\system\Model.php(462): CodeIgniter\Database\BaseBuilder->get()
#3 C:\laragon\www\belajar-ci\app\Controllers\admin\Users.php(11): CodeIgniter\Model->findAll()
#4 C:\laragon\www\belajar-ci\system\CodeIgniter.php(918): App\Controllers\Admin\Users->index()
#5 C:\laragon\www\belajar-ci\system\CodeIgniter.php(404): CodeIgniter\CodeIgniter->runController(Object(App\Controllers\Admin\Users))
#6 C:\laragon\www\belajar-ci\system\CodeIgniter.php(312): CodeIgniter\CodeIgniter->handleRequest(NULL, Object(Config\Cache), false)
#7 C:\laragon\www\belajar-ci\public\index.php(45): CodeIgniter\CodeIgniter->run()
#8 {main}
CRITICAL - 2020-11-16 22:05:34 --> Undefined variable: users
#0 C:\laragon\www\belajar-ci\app\Views\users_view_all.php(25): CodeIgniter\Debug\Exceptions->errorHandler(8, 'Undefined varia...', 'C:\\laragon\\www\\...', 25, Array)
#1 C:\laragon\www\belajar-ci\system\View\View.php(246): include('C:\\laragon\\www\\...')
#2 C:\laragon\www\belajar-ci\system\Common.php(1119): CodeIgniter\View\View->render('users_view_all', Array, true)
#3 C:\laragon\www\belajar-ci\app\Controllers\admin\Users.php(13): view('users_view_all', Array)
#4 C:\laragon\www\belajar-ci\system\CodeIgniter.php(918): App\Controllers\Admin\Users->index()
#5 C:\laragon\www\belajar-ci\system\CodeIgniter.php(404): CodeIgniter\CodeIgniter->runController(Object(App\Controllers\Admin\Users))
#6 C:\laragon\www\belajar-ci\system\CodeIgniter.php(312): CodeIgniter\CodeIgniter->handleRequest(NULL, Object(Config\Cache), false)
#7 C:\laragon\www\belajar-ci\public\index.php(45): CodeIgniter\CodeIgniter->run()
#8 {main}
CRITICAL - 2020-11-16 22:06:13 --> Undefined index: id
#0 C:\laragon\www\belajar-ci\app\Views\users_view_all.php(28): CodeIgniter\Debug\Exceptions->errorHandler(8, 'Undefined index...', 'C:\\laragon\\www\\...', 28, Array)
#1 C:\laragon\www\belajar-ci\system\View\View.php(246): include('C:\\laragon\\www\\...')
#2 C:\laragon\www\belajar-ci\system\Common.php(1119): CodeIgniter\View\View->render('users_view_all', Array, true)
#3 C:\laragon\www\belajar-ci\app\Controllers\admin\Users.php(13): view('users_view_all', Array)
#4 C:\laragon\www\belajar-ci\system\CodeIgniter.php(918): App\Controllers\Admin\Users->index()
#5 C:\laragon\www\belajar-ci\system\CodeIgniter.php(404): CodeIgniter\CodeIgniter->runController(Object(App\Controllers\Admin\Users))
#6 C:\laragon\www\belajar-ci\system\CodeIgniter.php(312): CodeIgniter\CodeIgniter->handleRequest(NULL, Object(Config\Cache), false)
#7 C:\laragon\www\belajar-ci\public\index.php(45): CodeIgniter\CodeIgniter->run()
#8 {main}
CRITICAL - 2020-11-16 22:06:53 --> Undefined index: nama
#0 C:\laragon\www\belajar-ci\app\Views\users_view_all.php(29): CodeIgniter\Debug\Exceptions->errorHandler(8, 'Undefined index...', 'C:\\laragon\\www\\...', 29, Array)
#1 C:\laragon\www\belajar-ci\system\View\View.php(246): include('C:\\laragon\\www\\...')
#2 C:\laragon\www\belajar-ci\system\Common.php(1119): CodeIgniter\View\View->render('users_view_all', Array, true)
#3 C:\laragon\www\belajar-ci\app\Controllers\admin\Users.php(13): view('users_view_all', Array)
#4 C:\laragon\www\belajar-ci\system\CodeIgniter.php(918): App\Controllers\Admin\Users->index()
#5 C:\laragon\www\belajar-ci\system\CodeIgniter.php(404): CodeIgniter\CodeIgniter->runController(Object(App\Controllers\Admin\Users))
#6 C:\laragon\www\belajar-ci\system\CodeIgniter.php(312): CodeIgniter\CodeIgniter->handleRequest(NULL, Object(Config\Cache), false)
#7 C:\laragon\www\belajar-ci\public\index.php(45): CodeIgniter\CodeIgniter->run()
#8 {main}
CRITICAL - 2020-11-16 22:29:48 --> syntax error, unexpected ':', expecting ',' or ';'
#0 C:\laragon\www\belajar-ci\system\Common.php(1119): CodeIgniter\View\View->render('users_create_us...', Array, true)
#1 C:\laragon\www\belajar-ci\app\Controllers\admin\Users.php(16): view('users_create_us...')
#2 C:\laragon\www\belajar-ci\system\CodeIgniter.php(918): App\Controllers\Admin\Users->create()
#3 C:\laragon\www\belajar-ci\system\CodeIgniter.php(404): CodeIgniter\CodeIgniter->runController(Object(App\Controllers\Admin\Users))
#4 C:\laragon\www\belajar-ci\system\CodeIgniter.php(312): CodeIgniter\CodeIgniter->handleRequest(NULL, Object(Config\Cache), false)
#5 C:\laragon\www\belajar-ci\public\index.php(45): CodeIgniter\CodeIgniter->run()
#6 {main}
CRITICAL - 2020-11-16 22:50:14 --> Column 'email' cannot be null
#0 C:\laragon\www\belajar-ci\system\Database\MySQLi\Connection.php(331): mysqli->query('INSERT INTO `us...')
#1 C:\laragon\www\belajar-ci\system\Database\BaseConnection.php(741): CodeIgniter\Database\MySQLi\Connection->execute('INSERT INTO `us...')
#2 C:\laragon\www\belajar-ci\system\Database\BaseConnection.php(669): CodeIgniter\Database\BaseConnection->simpleQuery('INSERT INTO `us...')
#3 C:\laragon\www\belajar-ci\system\Database\BaseBuilder.php(2249): CodeIgniter\Database\BaseConnection->query('INSERT INTO `us...', Array, false)
#4 C:\laragon\www\belajar-ci\system\Model.php(755): CodeIgniter\Database\BaseBuilder->insert()
#5 C:\laragon\www\belajar-ci\app\Controllers\admin\Users.php(25): CodeIgniter\Model->insert(Array)
#6 C:\laragon\www\belajar-ci\system\CodeIgniter.php(918): App\Controllers\Admin\Users->store()
#7 C:\laragon\www\belajar-ci\system\CodeIgniter.php(404): CodeIgniter\CodeIgniter->runController(Object(App\Controllers\Admin\Users))
#8 C:\laragon\www\belajar-ci\system\CodeIgniter.php(312): CodeIgniter\CodeIgniter->handleRequest(NULL, Object(Config\Cache), false)
#9 C:\laragon\www\belajar-ci\public\index.php(45): CodeIgniter\CodeIgniter->run()
#10 {main}
CRITICAL - 2020-11-16 22:51:01 --> Column 'email' cannot be null
#0 C:\laragon\www\belajar-ci\system\Database\MySQLi\Connection.php(331): mysqli->query('INSERT INTO `us...')
#1 C:\laragon\www\belajar-ci\system\Database\BaseConnection.php(741): CodeIgniter\Database\MySQLi\Connection->execute('INSERT INTO `us...')
#2 C:\laragon\www\belajar-ci\system\Database\BaseConnection.php(669): CodeIgniter\Database\BaseConnection->simpleQuery('INSERT INTO `us...')
#3 C:\laragon\www\belajar-ci\system\Database\BaseBuilder.php(2249): CodeIgniter\Database\BaseConnection->query('INSERT INTO `us...', Array, false)
#4 C:\laragon\www\belajar-ci\system\Model.php(755): CodeIgniter\Database\BaseBuilder->insert()
#5 C:\laragon\www\belajar-ci\app\Controllers\admin\Users.php(25): CodeIgniter\Model->insert(Array)
#6 C:\laragon\www\belajar-ci\system\CodeIgniter.php(918): App\Controllers\Admin\Users->store()
#7 C:\laragon\www\belajar-ci\system\CodeIgniter.php(404): CodeIgniter\CodeIgniter->runController(Object(App\Controllers\Admin\Users))
#8 C:\laragon\www\belajar-ci\system\CodeIgniter.php(312): CodeIgniter\CodeIgniter->handleRequest(NULL, Object(Config\Cache), false)
#9 C:\laragon\www\belajar-ci\public\index.php(45): CodeIgniter\CodeIgniter->run()
#10 {main}
CRITICAL - 2020-11-16 22:51:46 --> Column 'email' cannot be null
#0 C:\laragon\www\belajar-ci\system\Database\MySQLi\Connection.php(331): mysqli->query('INSERT INTO `us...')
#1 C:\laragon\www\belajar-ci\system\Database\BaseConnection.php(741): CodeIgniter\Database\MySQLi\Connection->execute('INSERT INTO `us...')
#2 C:\laragon\www\belajar-ci\system\Database\BaseConnection.php(669): CodeIgniter\Database\BaseConnection->simpleQuery('INSERT INTO `us...')
#3 C:\laragon\www\belajar-ci\system\Database\BaseBuilder.php(2249): CodeIgniter\Database\BaseConnection->query('INSERT INTO `us...', Array, false)
#4 C:\laragon\www\belajar-ci\system\Model.php(755): CodeIgniter\Database\BaseBuilder->insert()
#5 C:\laragon\www\belajar-ci\app\Controllers\admin\Users.php(25): CodeIgniter\Model->insert(Array)
#6 C:\laragon\www\belajar-ci\system\CodeIgniter.php(918): App\Controllers\Admin\Users->store()
#7 C:\laragon\www\belajar-ci\system\CodeIgniter.php(404): CodeIgniter\CodeIgniter->runController(Object(App\Controllers\Admin\Users))
#8 C:\laragon\www\belajar-ci\system\CodeIgniter.php(312): CodeIgniter\CodeIgniter->handleRequest(NULL, Object(Config\Cache), false)
#9 C:\laragon\www\belajar-ci\public\index.php(45): CodeIgniter\CodeIgniter->run()
#10 {main}
CRITICAL - 2020-11-16 22:52:24 --> Column 'email' cannot be null
#0 C:\laragon\www\belajar-ci\system\Database\MySQLi\Connection.php(331): mysqli->query('INSERT INTO `us...')
#1 C:\laragon\www\belajar-ci\system\Database\BaseConnection.php(741): CodeIgniter\Database\MySQLi\Connection->execute('INSERT INTO `us...')
#2 C:\laragon\www\belajar-ci\system\Database\BaseConnection.php(669): CodeIgniter\Database\BaseConnection->simpleQuery('INSERT INTO `us...')
#3 C:\laragon\www\belajar-ci\system\Database\BaseBuilder.php(2249): CodeIgniter\Database\BaseConnection->query('INSERT INTO `us...', Array, false)
#4 C:\laragon\www\belajar-ci\system\Model.php(755): CodeIgniter\Database\BaseBuilder->insert()
#5 C:\laragon\www\belajar-ci\app\Controllers\admin\Users.php(25): CodeIgniter\Model->insert(Array)
#6 C:\laragon\www\belajar-ci\system\CodeIgniter.php(918): App\Controllers\Admin\Users->store()
#7 C:\laragon\www\belajar-ci\system\CodeIgniter.php(404): CodeIgniter\CodeIgniter->runController(Object(App\Controllers\Admin\Users))
#8 C:\laragon\www\belajar-ci\system\CodeIgniter.php(312): CodeIgniter\CodeIgniter->handleRequest(NULL, Object(Config\Cache), false)
#9 C:\laragon\www\belajar-ci\public\index.php(45): CodeIgniter\CodeIgniter->run()
#10 {main}
CRITICAL - 2020-11-16 22:53:53 --> Column 'name' cannot be null
#0 C:\laragon\www\belajar-ci\system\Database\MySQLi\Connection.php(331): mysqli->query('INSERT INTO `us...')
#1 C:\laragon\www\belajar-ci\system\Database\BaseConnection.php(741): CodeIgniter\Database\MySQLi\Connection->execute('INSERT INTO `us...')
#2 C:\laragon\www\belajar-ci\system\Database\BaseConnection.php(669): CodeIgniter\Database\BaseConnection->simpleQuery('INSERT INTO `us...')
#3 C:\laragon\www\belajar-ci\system\Database\BaseBuilder.php(2249): CodeIgniter\Database\BaseConnection->query('INSERT INTO `us...', Array, false)
#4 C:\laragon\www\belajar-ci\system\Model.php(755): CodeIgniter\Database\BaseBuilder->insert()
#5 C:\laragon\www\belajar-ci\app\Controllers\admin\Users.php(25): CodeIgniter\Model->insert(Array)
#6 C:\laragon\www\belajar-ci\system\CodeIgniter.php(918): App\Controllers\Admin\Users->store()
#7 C:\laragon\www\belajar-ci\system\CodeIgniter.php(404): CodeIgniter\CodeIgniter->runController(Object(App\Controllers\Admin\Users))
#8 C:\laragon\www\belajar-ci\system\CodeIgniter.php(312): CodeIgniter\CodeIgniter->handleRequest(NULL, Object(Config\Cache), false)
#9 C:\laragon\www\belajar-ci\public\index.php(45): CodeIgniter\CodeIgniter->run()
#10 {main}
